[11910][1594053449597][shell][info]["EventBus~initialize - Success"]
[11910][1594053449611][shell][info]["bootShellCrashReporter~ Success"]
[11910][1594053449613][shell][info]["shellController~init: Success"]
[11910][1594053449613][shell][info]["shellMeta~init: Success"]
[11910][1594053449640][shell][info]["init~setViewAttributes - Initializing view with opts:",{"devtools":false,"id":2,"startTime":1594053448756,"type":"shared","partitionId":"default"}]
[11910][1594053449641][shell][info]["init~setViewAttributes - Success"]
[11910][1594053452424][shell][info]["EventBus~initialize - Success"]
[11910][1594053452436][shell][info]["bootShellCrashReporter~ Success"]
[11910][1594053452440][shell][info]["shellController~init: Success"]
[11910][1594053452440][shell][info]["shellMeta~init: Success"]
[11910][1594053452456][shell][info]["init~setViewAttributes - Initializing view with opts:",{"allIds":[4],"devtools":false,"id":4,"primaryId":4,"startTime":1594053452163,"type":"requester","partitionId":"default"}]
[11910][1594053452458][shell][info]["init~setViewAttributes - Success"]
[6266][1594130287210][shell][info]["EventBus~initialize - Success"]
[6266][1594130287224][shell][info]["bootShellCrashReporter~ Success"]
[6266][1594130287226][shell][info]["shellController~init: Success"]
[6266][1594130287228][shell][info]["shellMeta~init: Success"]
[6266][1594130287251][shell][info]["init~setViewAttributes - Initializing view with opts:",{"devtools":false,"id":2,"startTime":1594130286551,"type":"shared","partitionId":"default"}]
[6266][1594130287252][shell][info]["init~setViewAttributes - Success"]
[6266][1594130289738][shell][info]["EventBus~initialize - Success"]
[6266][1594130289747][shell][info]["bootShellCrashReporter~ Success"]
[6266][1594130289749][shell][info]["shellController~init: Success"]
[6266][1594130289749][shell][info]["shellMeta~init: Success"]
[6266][1594130289765][shell][info]["init~setViewAttributes - Initializing view with opts:",{"allIds":[3],"devtools":false,"id":3,"primaryId":3,"startTime":1594130289486,"type":"requester","partitionId":"default"}]
[6266][1594130289765][shell][info]["init~setViewAttributes - Success"]
[22688][1595957997860][shell][info]["EventBus~initialize - Success"]
[22688][1595957997871][shell][info]["bootShellCrashReporter~ Success"]
[22688][1595957997875][shell][info]["shellController~init: Success"]
[22688][1595957997875][shell][info]["shellMeta~init: Success"]
[22688][1595957997895][shell][info]["init~setViewAttributes - Initializing view with opts:",{"devtools":false,"id":2,"startTime":1595957997277,"type":"shared","partitionId":"default"}]
[22688][1595957997896][shell][info]["init~setViewAttributes - Success"]
[22688][1595957999790][shell][info]["EventBus~initialize - Success"]
[22688][1595957999798][shell][info]["bootShellCrashReporter~ Success"]
[22688][1595957999801][shell][info]["shellController~init: Success"]
[22688][1595957999801][shell][info]["shellMeta~init: Success"]
[22688][1595957999815][shell][info]["init~setViewAttributes - Initializing view with opts:",{"allIds":[3],"devtools":false,"id":3,"primaryId":3,"startTime":1595957999549,"type":"requester","partitionId":"default"}]
[22688][1595957999816][shell][info]["init~setViewAttributes - Success"]
[120040][1596042625479][shell][info]["EventBus~initialize - Success"]
[120040][1596042625488][shell][info]["bootShellCrashReporter~ Success"]
[120040][1596042625491][shell][info]["shellController~init: Success"]
[120040][1596042625491][shell][info]["shellMeta~init: Success"]
[120040][1596042625508][shell][info]["init~setViewAttributes - Initializing view with opts:",{"devtools":false,"id":2,"startTime":1596042625124,"type":"shared","partitionId":"default"}]
[120040][1596042625509][shell][info]["init~setViewAttributes - Success"]
[120040][1596042627534][shell][info]["EventBus~initialize - Success"]
[120040][1596042627542][shell][info]["bootShellCrashReporter~ Success"]
[120040][1596042627545][shell][info]["shellController~init: Success"]
[120040][1596042627545][shell][info]["shellMeta~init: Success"]
[120040][1596042627561][shell][info]["init~setViewAttributes - Initializing view with opts:",{"allIds":[3],"devtools":false,"id":3,"primaryId":3,"startTime":1596042627263,"type":"requester","partitionId":"default"}]
[120040][1596042627562][shell][info]["init~setViewAttributes - Success"]
[7132][1596113867959][shell][info]["EventBus~initialize - Success"]
[7132][1596113867970][shell][info]["bootShellCrashReporter~ Success"]
[7132][1596113867973][shell][info]["shellController~init: Success"]
[7132][1596113867974][shell][info]["shellMeta~init: Success"]
[7132][1596113867993][shell][info]["init~setViewAttributes - Initializing view with opts:",{"devtools":false,"id":2,"startTime":1596113867381,"type":"shared","partitionId":"default"}]
[7132][1596113867994][shell][info]["init~setViewAttributes - Success"]
[7132][1596113870005][shell][info]["EventBus~initialize - Success"]
[7132][1596113870013][shell][info]["bootShellCrashReporter~ Success"]
[7132][1596113870015][shell][info]["shellController~init: Success"]
[7132][1596113870015][shell][info]["shellMeta~init: Success"]
[7132][1596113870032][shell][info]["init~setViewAttributes - Initializing view with opts:",{"allIds":[3],"devtools":false,"id":3,"primaryId":3,"startTime":1596113869758,"type":"requester","partitionId":"default"}]
[7132][1596113870033][shell][info]["init~setViewAttributes - Success"]
[6282][1596464463465][shell][info]["EventBus~initialize - Success"]
[6282][1596464463486][shell][info]["bootShellCrashReporter~ Success"]
[6282][1596464463489][shell][info]["shellController~init: Success"]
[6282][1596464463489][shell][info]["shellMeta~init: Success"]
[6282][1596464463513][shell][info]["init~setViewAttributes - Initializing view with opts:",{"devtools":false,"id":2,"startTime":1596464462959,"type":"shared","partitionId":"default"}]
[6282][1596464463514][shell][info]["init~setViewAttributes - Success"]
[6282][1596464465600][shell][info]["EventBus~initialize - Success"]
[6282][1596464465609][shell][info]["bootShellCrashReporter~ Success"]
[6282][1596464465611][shell][info]["shellController~init: Success"]
[6282][1596464465611][shell][info]["shellMeta~init: Success"]
[6282][1596464465626][shell][info]["init~setViewAttributes - Initializing view with opts:",{"allIds":[3],"devtools":false,"id":3,"primaryId":3,"startTime":1596464465367,"type":"requester","partitionId":"default"}]
[6282][1596464465627][shell][info]["init~setViewAttributes - Success"]
[14231][1596653780953][shell][info]["EventBus~initialize - Success"]
[14231][1596653780972][shell][info]["bootShellCrashReporter~ Success"]
[14231][1596653780975][shell][info]["shellController~init: Success"]
[14231][1596653780978][shell][info]["shellMeta~init: Success"]
[14231][1596653781006][shell][info]["init~setViewAttributes - Initializing view with opts:",{"devtools":false,"id":2,"startTime":1596653780167,"type":"shared","partitionId":"default"}]
[14231][1596653781008][shell][info]["init~setViewAttributes - Success"]
[14231][1596653783096][shell][info]["EventBus~initialize - Success"]
[14231][1596653783103][shell][info]["bootShellCrashReporter~ Success"]
[14231][1596653783105][shell][info]["shellController~init: Success"]
[14231][1596653783106][shell][info]["shellMeta~init: Success"]
[14231][1596653783121][shell][info]["init~setViewAttributes - Initializing view with opts:",{"allIds":[3],"devtools":false,"id":3,"primaryId":3,"startTime":1596653782815,"type":"requester","partitionId":"default"}]
[14231][1596653783122][shell][info]["init~setViewAttributes - Success"]
[11979][1597148352149][shell][info]["EventBus~initialize - Success"]
[11979][1597148352163][shell][info]["bootShellCrashReporter~ Success"]
[11979][1597148352167][shell][info]["shellController~init: Success"]
[11979][1597148352168][shell][info]["shellMeta~init: Success"]
[11979][1597148352195][shell][info]["init~setViewAttributes - Initializing view with opts:",{"devtools":false,"id":2,"startTime":1597148351071,"type":"shared","partitionId":"default"}]
[11979][1597148352195][shell][info]["init~setViewAttributes - Success"]
[11979][1597148354599][shell][info]["EventBus~initialize - Success"]
[11979][1597148354608][shell][info]["bootShellCrashReporter~ Success"]
[11979][1597148354612][shell][info]["shellController~init: Success"]
[11979][1597148354612][shell][info]["shellMeta~init: Success"]
[11979][1597148354628][shell][info]["init~setViewAttributes - Initializing view with opts:",{"allIds":[3],"devtools":false,"id":3,"primaryId":3,"startTime":1597148354316,"type":"requester","partitionId":"default"}]
[11979][1597148354631][shell][info]["init~setViewAttributes - Success"]
[15109][1597152938051][shell][info]["EventBus~initialize - Success"]
[15109][1597152938062][shell][info]["bootShellCrashReporter~ Success"]
[15109][1597152938065][shell][info]["shellController~init: Success"]
[15109][1597152938066][shell][info]["shellMeta~init: Success"]
[15109][1597152938085][shell][info]["init~setViewAttributes - Initializing view with opts:",{"devtools":false,"id":2,"startTime":1597152937777,"type":"shared","partitionId":"default"}]
[15109][1597152938087][shell][info]["init~setViewAttributes - Success"]
[15109][1597152939940][shell][info]["EventBus~initialize - Success"]
[15109][1597152939952][shell][info]["bootShellCrashReporter~ Success"]
[15109][1597152939954][shell][info]["shellController~init: Success"]
[15109][1597152939954][shell][info]["shellMeta~init: Success"]
[15109][1597152939968][shell][info]["init~setViewAttributes - Initializing view with opts:",{"allIds":[3],"devtools":false,"id":3,"primaryId":3,"startTime":1597152939687,"type":"requester","partitionId":"default"}]
[15109][1597152939970][shell][info]["init~setViewAttributes - Success"]
[1321][1597154083737][shell][info]["EventBus~initialize - Success"]
[1321][1597154083750][shell][info]["bootShellCrashReporter~ Success"]
[1321][1597154083753][shell][info]["shellController~init: Success"]
[1321][1597154083753][shell][info]["shellMeta~init: Success"]
[1321][1597154083773][shell][info]["init~setViewAttributes - Initializing view with opts:",{"devtools":false,"id":2,"startTime":1597154082996,"type":"shared","partitionId":"default"}]
[1321][1597154083775][shell][info]["init~setViewAttributes - Success"]
[1321][1597154085707][shell][info]["EventBus~initialize - Success"]
[1321][1597154085715][shell][info]["bootShellCrashReporter~ Success"]
[1321][1597154085717][shell][info]["shellController~init: Success"]
[1321][1597154085717][shell][info]["shellMeta~init: Success"]
[1321][1597154085731][shell][info]["init~setViewAttributes - Initializing view with opts:",{"allIds":[3],"devtools":false,"id":3,"primaryId":3,"startTime":1597154085473,"type":"requester","partitionId":"default"}]
[1321][1597154085732][shell][info]["init~setViewAttributes - Success"]
[30799][1597670439663][shell][info]["EventBus~initialize - Success"]
[30799][1597670439676][shell][info]["bootShellCrashReporter~ Success"]
[30799][1597670439679][shell][info]["shellController~init: Success"]
[30799][1597670439679][shell][info]["shellMeta~init: Success"]
[30799][1597670439702][shell][info]["init~setViewAttributes - Initializing view with opts:",{"devtools":false,"id":2,"startTime":1597670438627,"type":"shared","partitionId":"default"}]
[30799][1597670439704][shell][info]["init~setViewAttributes - Success"]
[30799][1597670441794][shell][info]["EventBus~initialize - Success"]
[30799][1597670441803][shell][info]["bootShellCrashReporter~ Success"]
[30799][1597670441807][shell][info]["shellController~init: Success"]
[30799][1597670441808][shell][info]["shellMeta~init: Success"]
[30799][1597670441823][shell][info]["init~setViewAttributes - Initializing view with opts:",{"allIds":[3],"devtools":false,"id":3,"primaryId":3,"startTime":1597670441549,"type":"requester","partitionId":"default"}]
[30799][1597670441823][shell][info]["init~setViewAttributes - Success"]
[9877][1597947280876][shell][info]["EventBus~initialize - Success"]
[9877][1597947280902][shell][info]["bootShellCrashReporter~ Success"]
[9877][1597947280906][shell][info]["shellController~init: Success"]
[9877][1597947280906][shell][info]["shellMeta~init: Success"]
[9877][1597947280930][shell][info]["init~setViewAttributes - Initializing view with opts:",{"devtools":false,"id":2,"startTime":1597947280080,"type":"shared","partitionId":"default"}]
[9877][1597947280932][shell][info]["init~setViewAttributes - Success"]
[9877][1597947282954][shell][info]["EventBus~initialize - Success"]
[9877][1597947282963][shell][info]["bootShellCrashReporter~ Success"]
[9877][1597947282965][shell][info]["shellController~init: Success"]
[9877][1597947282966][shell][info]["shellMeta~init: Success"]
[9877][1597947282981][shell][info]["init~setViewAttributes - Initializing view with opts:",{"allIds":[3],"devtools":false,"id":3,"primaryId":3,"startTime":1597947282675,"type":"requester","partitionId":"default"}]
[9877][1597947282982][shell][info]["init~setViewAttributes - Success"]
[20466][1598039049296][shell][info]["EventBus~initialize - Success"]
[20466][1598039049309][shell][info]["bootShellCrashReporter~ Success"]
[20466][1598039049311][shell][info]["shellController~init: Success"]
[20466][1598039049312][shell][info]["shellMeta~init: Success"]
[20466][1598039049335][shell][info]["init~setViewAttributes - Initializing view with opts:",{"devtools":false,"id":2,"startTime":1598039048410,"type":"shared","partitionId":"default"}]
[20466][1598039049337][shell][info]["init~setViewAttributes - Success"]
[20466][1598039051344][shell][info]["EventBus~initialize - Success"]
[20466][1598039051353][shell][info]["bootShellCrashReporter~ Success"]
[20466][1598039051357][shell][info]["shellController~init: Success"]
[20466][1598039051357][shell][info]["shellMeta~init: Success"]
[20466][1598039051373][shell][info]["init~setViewAttributes - Initializing view with opts:",{"allIds":[3],"devtools":false,"id":3,"primaryId":3,"startTime":1598039051100,"type":"requester","partitionId":"default"}]
[20466][1598039051375][shell][info]["init~setViewAttributes - Success"]
[20814][1598039291544][shell][info]["EventBus~initialize - Success"]
[20814][1598039291554][shell][info]["bootShellCrashReporter~ Success"]
[20814][1598039291557][shell][info]["shellController~init: Success"]
[20814][1598039291557][shell][info]["shellMeta~init: Success"]
[20814][1598039291575][shell][info]["init~setViewAttributes - Initializing view with opts:",{"devtools":false,"id":2,"startTime":1598039291292,"type":"shared","partitionId":"default"}]
[20814][1598039291576][shell][info]["init~setViewAttributes - Success"]
[20814][1598039293390][shell][info]["EventBus~initialize - Success"]
[20814][1598039293399][shell][info]["bootShellCrashReporter~ Success"]
[20814][1598039293401][shell][info]["shellController~init: Success"]
[20814][1598039293401][shell][info]["shellMeta~init: Success"]
[20814][1598039293416][shell][info]["init~setViewAttributes - Initializing view with opts:",{"allIds":[3],"devtools":false,"id":3,"primaryId":3,"startTime":1598039293149,"type":"requester","partitionId":"default"}]
[20814][1598039293417][shell][info]["init~setViewAttributes - Success"]
[14857][1598282851342][shell][info]["EventBus~initialize - Success"]
[14857][1598282851353][shell][info]["bootShellCrashReporter~ Success"]
[14857][1598282851355][shell][info]["shellController~init: Success"]
[14857][1598282851355][shell][info]["shellMeta~init: Success"]
[14857][1598282851377][shell][info]["init~setViewAttributes - Initializing view with opts:",{"devtools":false,"id":2,"startTime":1598282850436,"type":"shared","partitionId":"default"}]
[14857][1598282851378][shell][info]["init~setViewAttributes - Success"]
[14857][1598282853556][shell][info]["EventBus~initialize - Success"]
[14857][1598282853566][shell][info]["bootShellCrashReporter~ Success"]
[14857][1598282853569][shell][info]["shellController~init: Success"]
[14857][1598282853569][shell][info]["shellMeta~init: Success"]
[14857][1598282853584][shell][info]["init~setViewAttributes - Initializing view with opts:",{"allIds":[3],"devtools":false,"id":3,"primaryId":3,"startTime":1598282853290,"type":"requester","partitionId":"default"}]
[14857][1598282853584][shell][info]["init~setViewAttributes - Success"]
[31740][1598298563847][shell][info]["EventBus~initialize - Success"]
[31740][1598298563856][shell][info]["bootShellCrashReporter~ Success"]
[31740][1598298563861][shell][info]["shellController~init: Success"]
[31740][1598298563862][shell][info]["shellMeta~init: Success"]
[31740][1598298563882][shell][info]["init~setViewAttributes - Initializing view with opts:",{"devtools":false,"id":2,"startTime":1598298563586,"type":"shared","partitionId":"default"}]
[31740][1598298563883][shell][info]["init~setViewAttributes - Success"]
[31740][1598298565865][shell][info]["EventBus~initialize - Success"]
[31740][1598298565877][shell][info]["bootShellCrashReporter~ Success"]
[31740][1598298565879][shell][info]["shellController~init: Success"]
[31740][1598298565880][shell][info]["shellMeta~init: Success"]
[31740][1598298565895][shell][info]["init~setViewAttributes - Initializing view with opts:",{"allIds":[3],"devtools":false,"id":3,"primaryId":3,"startTime":1598298565607,"type":"requester","partitionId":"default"}]
[31740][1598298565896][shell][info]["init~setViewAttributes - Success"]
[11002][1598367361232][shell][info]["EventBus~initialize - Success"]
[11002][1598367361245][shell][info]["bootShellCrashReporter~ Success"]
[11002][1598367361247][shell][info]["shellController~init: Success"]
[11002][1598367361247][shell][info]["shellMeta~init: Success"]
[11002][1598367361269][shell][info]["init~setViewAttributes - Initializing view with opts:",{"devtools":false,"id":2,"startTime":1598367360336,"type":"shared","partitionId":"default"}]
[11002][1598367361271][shell][info]["init~setViewAttributes - Success"]
[11002][1598367363329][shell][info]["EventBus~initialize - Success"]
[11002][1598367363337][shell][info]["bootShellCrashReporter~ Success"]
[11002][1598367363340][shell][info]["shellController~init: Success"]
[11002][1598367363340][shell][info]["shellMeta~init: Success"]
[11002][1598367363354][shell][info]["init~setViewAttributes - Initializing view with opts:",{"allIds":[3],"devtools":false,"id":3,"primaryId":3,"startTime":1598367363117,"type":"requester","partitionId":"default"}]
[11002][1598367363355][shell][info]["init~setViewAttributes - Success"]
[4877][1598387828891][shell][info]["EventBus~initialize - Success"]
[4877][1598387828905][shell][info]["bootShellCrashReporter~ Success"]
[4877][1598387828908][shell][info]["shellController~init: Success"]
[4877][1598387828908][shell][info]["shellMeta~init: Success"]
[4877][1598387828937][shell][info]["init~setViewAttributes - Initializing view with opts:",{"devtools":false,"id":2,"startTime":1598387828007,"type":"shared","partitionId":"default"}]
[4877][1598387828939][shell][info]["init~setViewAttributes - Success"]
[4877][1598387830979][shell][info]["EventBus~initialize - Success"]
[4877][1598387830988][shell][info]["bootShellCrashReporter~ Success"]
[4877][1598387830991][shell][info]["shellController~init: Success"]
[4877][1598387830991][shell][info]["shellMeta~init: Success"]
[4877][1598387831007][shell][info]["init~setViewAttributes - Initializing view with opts:",{"allIds":[3],"devtools":false,"id":3,"primaryId":3,"startTime":1598387830744,"type":"requester","partitionId":"default"}]
[4877][1598387831009][shell][info]["init~setViewAttributes - Success"]
[45190][1598467201148][shell][info]["EventBus~initialize - Success"]
[45190][1598467201164][shell][info]["bootShellCrashReporter~ Success"]
[45190][1598467201166][shell][info]["shellController~init: Success"]
[45190][1598467201166][shell][info]["shellMeta~init: Success"]
[45190][1598467201190][shell][info]["init~setViewAttributes - Initializing view with opts:",{"devtools":false,"id":2,"startTime":1598467200821,"type":"shared","partitionId":"default"}]
[45190][1598467201192][shell][info]["init~setViewAttributes - Success"]
[45190][1598467203123][shell][info]["EventBus~initialize - Success"]
[45190][1598467203130][shell][info]["bootShellCrashReporter~ Success"]
[45190][1598467203133][shell][info]["shellController~init: Success"]
[45190][1598467203133][shell][info]["shellMeta~init: Success"]
[45190][1598467203148][shell][info]["init~setViewAttributes - Initializing view with opts:",{"allIds":[3],"devtools":false,"id":3,"primaryId":3,"startTime":1598467202892,"type":"requester","partitionId":"default"}]
[45190][1598467203149][shell][info]["init~setViewAttributes - Success"]
[2951][1598620852755][shell][info]["EventBus~initialize - Success"]
[2951][1598620852775][shell][info]["bootShellCrashReporter~ Success"]
[2951][1598620852778][shell][info]["shellController~init: Success"]
[2951][1598620852778][shell][info]["shellMeta~init: Success"]
[2951][1598620852805][shell][info]["init~setViewAttributes - Initializing view with opts:",{"devtools":false,"id":2,"startTime":1598620851890,"type":"shared","partitionId":"default"}]
[2951][1598620852807][shell][info]["init~setViewAttributes - Success"]
[2951][1598620854849][shell][info]["EventBus~initialize - Success"]
[2951][1598620854858][shell][info]["bootShellCrashReporter~ Success"]
[2951][1598620854859][shell][info]["shellController~init: Success"]
[2951][1598620854860][shell][info]["shellMeta~init: Success"]
[2951][1598620854876][shell][info]["init~setViewAttributes - Initializing view with opts:",{"allIds":[3],"devtools":false,"id":3,"primaryId":3,"startTime":1598620854602,"type":"requester","partitionId":"default"}]
[2951][1598620854877][shell][info]["init~setViewAttributes - Success"]
[142127][1598893945704][shell][info]["EventBus~initialize - Success"]
[142127][1598893945715][shell][info]["bootShellCrashReporter~ Success"]
[142127][1598893945718][shell][info]["shellController~init: Success"]
[142127][1598893945718][shell][info]["shellMeta~init: Success"]
[142127][1598893945745][shell][info]["init~setViewAttributes - Initializing view with opts:",{"devtools":false,"id":2,"startTime":1598893944714,"type":"shared","partitionId":"default"}]
[142127][1598893945746][shell][info]["init~setViewAttributes - Success"]
[142127][1598893948265][shell][info]["EventBus~initialize - Success"]
[142127][1598893948277][shell][info]["bootShellCrashReporter~ Success"]
[142127][1598893948279][shell][info]["shellController~init: Success"]
[142127][1598893948281][shell][info]["shellMeta~init: Success"]
[142127][1598893948297][shell][info]["init~setViewAttributes - Initializing view with opts:",{"allIds":[3],"devtools":false,"id":3,"primaryId":3,"startTime":1598893947982,"type":"requester","partitionId":"default"}]
[142127][1598893948299][shell][info]["init~setViewAttributes - Success"]
[33840][1598983295966][shell][info]["EventBus~initialize - Success"]
[33840][1598983295982][shell][info]["bootShellCrashReporter~ Success"]
[33840][1598983295984][shell][info]["shellController~init: Success"]
[33840][1598983295984][shell][info]["shellMeta~init: Success"]
[33840][1598983296014][shell][info]["init~setViewAttributes - Initializing view with opts:",{"devtools":false,"id":2,"startTime":1598983294933,"type":"shared","partitionId":"default"}]
[33840][1598983296016][shell][info]["init~setViewAttributes - Success"]
[33840][1598983298539][shell][info]["EventBus~initialize - Success"]
[33840][1598983298548][shell][info]["bootShellCrashReporter~ Success"]
[33840][1598983298552][shell][info]["shellController~init: Success"]
[33840][1598983298552][shell][info]["shellMeta~init: Success"]
[33840][1598983298569][shell][info]["init~setViewAttributes - Initializing view with opts:",{"allIds":[3],"devtools":false,"id":3,"primaryId":3,"startTime":1598983298239,"type":"requester","partitionId":"default"}]
[33840][1598983298570][shell][info]["init~setViewAttributes - Success"]
[9065][1599049041683][shell][info]["EventBus~initialize - Success"]
[9065][1599049041698][shell][info]["bootShellCrashReporter~ Success"]
[9065][1599049041701][shell][info]["shellController~init: Success"]
[9065][1599049041701][shell][info]["shellMeta~init: Success"]
[9065][1599049041725][shell][info]["init~setViewAttributes - Initializing view with opts:",{"devtools":false,"id":2,"startTime":1599049040690,"type":"shared","partitionId":"default"}]
[9065][1599049041726][shell][info]["init~setViewAttributes - Success"]
[9065][1599049043718][shell][info]["EventBus~initialize - Success"]
[9065][1599049043726][shell][info]["bootShellCrashReporter~ Success"]
[9065][1599049043729][shell][info]["shellController~init: Success"]
[9065][1599049043729][shell][info]["shellMeta~init: Success"]
[9065][1599049043743][shell][info]["init~setViewAttributes - Initializing view with opts:",{"allIds":[3],"devtools":false,"id":3,"primaryId":3,"startTime":1599049043482,"type":"requester","partitionId":"default"}]
[9065][1599049043744][shell][info]["init~setViewAttributes - Success"]
[4210][1599078768796][shell][info]["EventBus~initialize - Success"]
[4210][1599078768817][shell][info]["bootShellCrashReporter~ Success"]
[4210][1599078768818][shell][info]["shellController~init: Success"]
[4210][1599078768819][shell][info]["shellMeta~init: Success"]
[4210][1599078768842][shell][info]["init~setViewAttributes - Initializing view with opts:",{"devtools":false,"id":2,"startTime":1599078767728,"type":"shared","partitionId":"default"}]
[4210][1599078768844][shell][info]["init~setViewAttributes - Success"]
[4210][1599078770905][shell][info]["EventBus~initialize - Success"]
[4210][1599078770914][shell][info]["bootShellCrashReporter~ Success"]
[4210][1599078770916][shell][info]["shellController~init: Success"]
[4210][1599078770916][shell][info]["shellMeta~init: Success"]
[4210][1599078770931][shell][info]["init~setViewAttributes - Initializing view with opts:",{"allIds":[3],"devtools":false,"id":3,"primaryId":3,"startTime":1599078770637,"type":"requester","partitionId":"default"}]
[4210][1599078770932][shell][info]["init~setViewAttributes - Success"]
[6445][1599140143529][shell][info]["EventBus~initialize - Success"]
[6445][1599140143553][shell][info]["bootShellCrashReporter~ Success"]
[6445][1599140143560][shell][info]["shellController~init: Success"]
[6445][1599140143561][shell][info]["shellMeta~init: Success"]
[6445][1599140143591][shell][info]["init~setViewAttributes - Initializing view with opts:",{"devtools":false,"id":2,"startTime":1599140142641,"type":"shared","partitionId":"default"}]
[6445][1599140143592][shell][info]["init~setViewAttributes - Success"]
[6445][1599140145517][shell][info]["EventBus~initialize - Success"]
[6445][1599140145525][shell][info]["bootShellCrashReporter~ Success"]
[6445][1599140145527][shell][info]["shellController~init: Success"]
[6445][1599140145527][shell][info]["shellMeta~init: Success"]
[6445][1599140145543][shell][info]["init~setViewAttributes - Initializing view with opts:",{"allIds":[3],"devtools":false,"id":3,"primaryId":3,"startTime":1599140145242,"type":"requester","partitionId":"default"}]
[6445][1599140145544][shell][info]["init~setViewAttributes - Success"]
[13329][1599236395947][shell][info]["EventBus~initialize - Success"]
[13329][1599236395970][shell][info]["bootShellCrashReporter~ Success"]
[13329][1599236395973][shell][info]["shellController~init: Success"]
[13329][1599236395973][shell][info]["shellMeta~init: Success"]
[13329][1599236395996][shell][info]["init~setViewAttributes - Initializing view with opts:",{"devtools":false,"id":2,"startTime":1599236395071,"type":"shared","partitionId":"default"}]
[13329][1599236395997][shell][info]["init~setViewAttributes - Success"]
[13329][1599236398832][shell][info]["EventBus~initialize - Success"]
[13329][1599236398842][shell][info]["bootShellCrashReporter~ Success"]
[13329][1599236398845][shell][info]["shellController~init: Success"]
[13329][1599236398845][shell][info]["shellMeta~init: Success"]
[13329][1599236398858][shell][info]["init~setViewAttributes - Initializing view with opts:",{"allIds":[3],"devtools":false,"id":3,"primaryId":3,"startTime":1599236398603,"type":"requester","partitionId":"default"}]
[13329][1599236398859][shell][info]["init~setViewAttributes - Success"]
[34479][1599673141239][shell][info]["EventBus~initialize - Success"]
[34479][1599673141254][shell][info]["bootShellCrashReporter~ Success"]
[34479][1599673141257][shell][info]["shellController~init: Success"]
[34479][1599673141258][shell][info]["shellMeta~init: Success"]
[34479][1599673141280][shell][info]["init~setViewAttributes - Initializing view with opts:",{"devtools":false,"id":2,"startTime":1599673140182,"type":"shared","partitionId":"default"}]
[34479][1599673141280][shell][info]["init~setViewAttributes - Success"]
[34479][1599673143311][shell][info]["EventBus~initialize - Success"]
[34479][1599673143319][shell][info]["bootShellCrashReporter~ Success"]
[34479][1599673143321][shell][info]["shellController~init: Success"]
[34479][1599673143321][shell][info]["shellMeta~init: Success"]
[34479][1599673143336][shell][info]["init~setViewAttributes - Initializing view with opts:",{"allIds":[3],"devtools":false,"id":3,"primaryId":3,"startTime":1599673143076,"type":"requester","partitionId":"default"}]
[34479][1599673143336][shell][info]["init~setViewAttributes - Success"]
[36486][1599673605478][shell][info]["EventBus~initialize - Success"]
[36486][1599673605489][shell][info]["bootShellCrashReporter~ Success"]
[36486][1599673605490][shell][info]["shellController~init: Success"]
[36486][1599673605491][shell][info]["shellMeta~init: Success"]
[36486][1599673605510][shell][info]["init~setViewAttributes - Initializing view with opts:",{"devtools":false,"id":2,"startTime":1599673605144,"type":"shared","partitionId":"default"}]
[36486][1599673605511][shell][info]["init~setViewAttributes - Success"]
[36486][1599673607348][shell][info]["EventBus~initialize - Success"]
[36486][1599673607359][shell][info]["bootShellCrashReporter~ Success"]
[36486][1599673607362][shell][info]["shellController~init: Success"]
[36486][1599673607362][shell][info]["shellMeta~init: Success"]
[36486][1599673607375][shell][info]["init~setViewAttributes - Initializing view with opts:",{"allIds":[3],"devtools":false,"id":3,"primaryId":3,"startTime":1599673607111,"type":"requester","partitionId":"default"}]
[36486][1599673607376][shell][info]["init~setViewAttributes - Success"]
[27079][1599749840639][shell][info]["EventBus~initialize - Success"]
[27079][1599749840654][shell][info]["bootShellCrashReporter~ Success"]
[27079][1599749840657][shell][info]["shellController~init: Success"]
[27079][1599749840658][shell][info]["shellMeta~init: Success"]
[27079][1599749840679][shell][info]["init~setViewAttributes - Initializing view with opts:",{"devtools":false,"id":2,"startTime":1599749839628,"type":"shared","partitionId":"default"}]
[27079][1599749840681][shell][info]["init~setViewAttributes - Success"]
[27079][1599749842592][shell][info]["EventBus~initialize - Success"]
[27079][1599749842616][shell][info]["bootShellCrashReporter~ Success"]
[27079][1599749842619][shell][info]["shellController~init: Success"]
[27079][1599749842620][shell][info]["shellMeta~init: Success"]
[27079][1599749842645][shell][info]["init~setViewAttributes - Initializing view with opts:",{"allIds":[3],"devtools":false,"id":3,"primaryId":3,"startTime":1599749842356,"type":"requester","partitionId":"default"}]
[27079][1599749842646][shell][info]["init~setViewAttributes - Success"]
[30824][1599751628461][shell][info]["EventBus~initialize - Success"]
[30824][1599751628470][shell][info]["bootShellCrashReporter~ Success"]
[30824][1599751628472][shell][info]["shellController~init: Success"]
[30824][1599751628472][shell][info]["shellMeta~init: Success"]
[30824][1599751628490][shell][info]["init~setViewAttributes - Initializing view with opts:",{"devtools":false,"id":2,"startTime":1599751628146,"type":"shared","partitionId":"default"}]
[30824][1599751628491][shell][info]["init~setViewAttributes - Success"]
[30824][1599751630169][shell][info]["EventBus~initialize - Success"]
[30824][1599751630178][shell][info]["bootShellCrashReporter~ Success"]
[30824][1599751630180][shell][info]["shellController~init: Success"]
[30824][1599751630181][shell][info]["shellMeta~init: Success"]
[30824][1599751630196][shell][info]["init~setViewAttributes - Initializing view with opts:",{"allIds":[3],"devtools":false,"id":3,"primaryId":3,"startTime":1599751629937,"type":"requester","partitionId":"default"}]
[30824][1599751630197][shell][info]["init~setViewAttributes - Success"]
[6005][1599832611403][shell][info]["EventBus~initialize - Success"]
[6005][1599832611416][shell][info]["bootShellCrashReporter~ Success"]
[6005][1599832611417][shell][info]["shellController~init: Success"]
[6005][1599832611418][shell][info]["shellMeta~init: Success"]
[6005][1599832611440][shell][info]["init~setViewAttributes - Initializing view with opts:",{"devtools":false,"id":2,"startTime":1599832610518,"type":"shared","partitionId":"default"}]
[6005][1599832611442][shell][info]["init~setViewAttributes - Success"]
[6005][1599832613378][shell][info]["EventBus~initialize - Success"]
[6005][1599832613386][shell][info]["bootShellCrashReporter~ Success"]
[6005][1599832613390][shell][info]["shellController~init: Success"]
[6005][1599832613390][shell][info]["shellMeta~init: Success"]
[6005][1599832613403][shell][info]["init~setViewAttributes - Initializing view with opts:",{"allIds":[3],"devtools":false,"id":3,"primaryId":3,"startTime":1599832613149,"type":"requester","partitionId":"default"}]
[6005][1599832613404][shell][info]["init~setViewAttributes - Success"]
[26243][1600111831162][shell][info]["EventBus~initialize - Success"]
[26243][1600111831175][shell][info]["bootShellCrashReporter~ Success"]
[26243][1600111831179][shell][info]["shellController~init: Success"]
[26243][1600111831179][shell][info]["shellMeta~init: Success"]
[26243][1600111831203][shell][info]["init~setViewAttributes - Initializing view with opts:",{"devtools":false,"id":2,"startTime":1600111830277,"type":"shared","partitionId":"default"}]
[26243][1600111831204][shell][info]["init~setViewAttributes - Success"]
[26243][1600111833190][shell][info]["EventBus~initialize - Success"]
[26243][1600111833198][shell][info]["bootShellCrashReporter~ Success"]
[26243][1600111833201][shell][info]["shellController~init: Success"]
[26243][1600111833202][shell][info]["shellMeta~init: Success"]
[26243][1600111833216][shell][info]["init~setViewAttributes - Initializing view with opts:",{"allIds":[3],"devtools":false,"id":3,"primaryId":3,"startTime":1600111832945,"type":"requester","partitionId":"default"}]
[26243][1600111833217][shell][info]["init~setViewAttributes - Success"]
[74169][1600182076106][shell][info]["EventBus~initialize - Success"]
[74169][1600182076115][shell][info]["bootShellCrashReporter~ Success"]
[74169][1600182076118][shell][info]["shellController~init: Success"]
[74169][1600182076119][shell][info]["shellMeta~init: Success"]
[74169][1600182076135][shell][info]["init~setViewAttributes - Initializing view with opts:",{"devtools":false,"id":2,"startTime":1600182075865,"type":"shared","partitionId":"default"}]
[74169][1600182076136][shell][info]["init~setViewAttributes - Success"]
[74169][1600182077876][shell][info]["EventBus~initialize - Success"]
[74169][1600182077884][shell][info]["bootShellCrashReporter~ Success"]
[74169][1600182077886][shell][info]["shellController~init: Success"]
[74169][1600182077886][shell][info]["shellMeta~init: Success"]
[74169][1600182077901][shell][info]["init~setViewAttributes - Initializing view with opts:",{"allIds":[3],"devtools":false,"id":3,"primaryId":3,"startTime":1600182077656,"type":"requester","partitionId":"default"}]
[74169][1600182077901][shell][info]["init~setViewAttributes - Success"]
[23267][1600275904158][shell][info]["EventBus~initialize - Success"]
[23267][1600275904173][shell][info]["bootShellCrashReporter~ Success"]
[23267][1600275904175][shell][info]["shellController~init: Success"]
[23267][1600275904176][shell][info]["shellMeta~init: Success"]
[23267][1600275904203][shell][info]["init~setViewAttributes - Initializing view with opts:",{"devtools":false,"id":2,"startTime":1600275903295,"type":"shared","partitionId":"default"}]
[23267][1600275904205][shell][info]["init~setViewAttributes - Success"]
[23267][1600275906237][shell][info]["EventBus~initialize - Success"]
[23267][1600275906247][shell][info]["bootShellCrashReporter~ Success"]
[23267][1600275906251][shell][info]["shellController~init: Success"]
[23267][1600275906251][shell][info]["shellMeta~init: Success"]
[23267][1600275906272][shell][info]["init~setViewAttributes - Initializing view with opts:",{"allIds":[3],"devtools":false,"id":3,"primaryId":3,"startTime":1600275905946,"type":"requester","partitionId":"default"}]
[23267][1600275906274][shell][info]["init~setViewAttributes - Success"]
[110490][1600368640523][shell][info]["EventBus~initialize - Success"]
[110490][1600368640533][shell][info]["bootShellCrashReporter~ Success"]
[110490][1600368640539][shell][info]["shellController~init: Success"]
[110490][1600368640539][shell][info]["shellMeta~init: Success"]
[110490][1600368640557][shell][info]["init~setViewAttributes - Initializing view with opts:",{"devtools":false,"id":2,"startTime":1600368640275,"type":"shared","partitionId":"default"}]
[110490][1600368640558][shell][info]["init~setViewAttributes - Success"]
[110490][1600368642470][shell][info]["EventBus~initialize - Success"]
[110490][1600368642479][shell][info]["bootShellCrashReporter~ Success"]
[110490][1600368642483][shell][info]["shellController~init: Success"]
[110490][1600368642483][shell][info]["shellMeta~init: Success"]
[110490][1600368642498][shell][info]["init~setViewAttributes - Initializing view with opts:",{"allIds":[3],"devtools":false,"id":3,"primaryId":3,"startTime":1600368642186,"type":"requester","partitionId":"default"}]
[110490][1600368642500][shell][info]["init~setViewAttributes - Success"]
[1661][1600780062689][shell][info]["EventBus~initialize - Success"]
[1661][1600780062700][shell][info]["bootShellCrashReporter~ Success"]
[1661][1600780062703][shell][info]["shellController~init: Success"]
[1661][1600780062703][shell][info]["shellMeta~init: Success"]
[1661][1600780062724][shell][info]["init~setViewAttributes - Initializing view with opts:",{"devtools":false,"id":2,"startTime":1600780061734,"type":"shared","partitionId":"default"}]
[1661][1600780062725][shell][info]["init~setViewAttributes - Success"]
[1661][1600780064776][shell][info]["EventBus~initialize - Success"]
[1661][1600780064792][shell][info]["bootShellCrashReporter~ Success"]
[1661][1600780064798][shell][info]["shellController~init: Success"]
[1661][1600780064799][shell][info]["shellMeta~init: Success"]
[1661][1600780064829][shell][info]["init~setViewAttributes - Initializing view with opts:",{"allIds":[3],"devtools":false,"id":3,"primaryId":3,"startTime":1600780064524,"type":"requester","partitionId":"default"}]
[1661][1600780064831][shell][info]["init~setViewAttributes - Success"]
[4103][1600781083219][shell][info]["EventBus~initialize - Success"]
[4103][1600781083229][shell][info]["bootShellCrashReporter~ Success"]
[4103][1600781083234][shell][info]["shellController~init: Success"]
[4103][1600781083234][shell][info]["shellMeta~init: Success"]
[4103][1600781083254][shell][info]["init~setViewAttributes - Initializing view with opts:",{"devtools":false,"id":2,"startTime":1600781082985,"type":"shared","partitionId":"default"}]
[4103][1600781083257][shell][info]["init~setViewAttributes - Success"]
[4103][1600781085012][shell][info]["EventBus~initialize - Success"]
[4103][1600781085019][shell][info]["bootShellCrashReporter~ Success"]
[4103][1600781085022][shell][info]["shellController~init: Success"]
[4103][1600781085022][shell][info]["shellMeta~init: Success"]
[4103][1600781085036][shell][info]["init~setViewAttributes - Initializing view with opts:",{"allIds":[3],"devtools":false,"id":3,"primaryId":3,"startTime":1600781084774,"type":"requester","partitionId":"default"}]
[4103][1600781085037][shell][info]["init~setViewAttributes - Success"]
[27340][1600806384671][shell][info]["EventBus~initialize - Success"]
[27340][1600806384683][shell][info]["bootShellCrashReporter~ Success"]
[27340][1600806384685][shell][info]["shellController~init: Success"]
[27340][1600806384685][shell][info]["shellMeta~init: Success"]
[27340][1600806384710][shell][info]["init~setViewAttributes - Initializing view with opts:",{"devtools":false,"id":2,"startTime":1600806383733,"type":"shared","partitionId":"default"}]
[27340][1600806384712][shell][info]["init~setViewAttributes - Success"]
[27340][1600806386813][shell][info]["EventBus~initialize - Success"]
[27340][1600806386821][shell][info]["bootShellCrashReporter~ Success"]
[27340][1600806386824][shell][info]["shellController~init: Success"]
[27340][1600806386824][shell][info]["shellMeta~init: Success"]
[27340][1600806386839][shell][info]["init~setViewAttributes - Initializing view with opts:",{"allIds":[3],"devtools":false,"id":3,"primaryId":3,"startTime":1600806386575,"type":"requester","partitionId":"default"}]
[27340][1600806386840][shell][info]["init~setViewAttributes - Success"]
[10208][1600874527643][shell][info]["EventBus~initialize - Success"]
[10208][1600874527655][shell][info]["bootShellCrashReporter~ Success"]
[10208][1600874527658][shell][info]["shellController~init: Success"]
[10208][1600874527658][shell][info]["shellMeta~init: Success"]
[10208][1600874527680][shell][info]["init~setViewAttributes - Initializing view with opts:",{"devtools":false,"id":2,"startTime":1600874526607,"type":"shared","partitionId":"default"}]
[10208][1600874527682][shell][info]["init~setViewAttributes - Success"]
[10208][1600874529793][shell][info]["EventBus~initialize - Success"]
[10208][1600874529801][shell][info]["bootShellCrashReporter~ Success"]
[10208][1600874529804][shell][info]["shellController~init: Success"]
[10208][1600874529805][shell][info]["shellMeta~init: Success"]
[10208][1600874529818][shell][info]["init~setViewAttributes - Initializing view with opts:",{"allIds":[3],"devtools":false,"id":3,"primaryId":3,"startTime":1600874529552,"type":"requester","partitionId":"default"}]
[10208][1600874529819][shell][info]["init~setViewAttributes - Success"]
[8976][1601987853424][shell][info]["EventBus~initialize - Success"]
[8976][1601987853436][shell][info]["bootShellCrashReporter~ Success"]
[8976][1601987853440][shell][info]["shellController~init: Success"]
[8976][1601987853441][shell][info]["shellMeta~init: Success"]
[8976][1601987853460][shell][info]["init~setViewAttributes - Initializing view with opts:",{"devtools":false,"id":2,"startTime":1601987852573,"type":"shared","partitionId":"default"}]
[8976][1601987853461][shell][info]["init~setViewAttributes - Success"]
[8976][1601987855447][shell][info]["EventBus~initialize - Success"]
[8976][1601987855455][shell][info]["bootShellCrashReporter~ Success"]
[8976][1601987855457][shell][info]["shellController~init: Success"]
[8976][1601987855457][shell][info]["shellMeta~init: Success"]
[8976][1601987855471][shell][info]["init~setViewAttributes - Initializing view with opts:",{"allIds":[3],"devtools":false,"id":3,"primaryId":3,"startTime":1601987855201,"type":"requester","partitionId":"default"}]
[8976][1601987855471][shell][info]["init~setViewAttributes - Success"]
[3764][1602074010199][shell][info]["EventBus~initialize - Success"]
[3764][1602074010211][shell][info]["bootShellCrashReporter~ Success"]
[3764][1602074010213][shell][info]["shellController~init: Success"]
[3764][1602074010213][shell][info]["shellMeta~init: Success"]
[3764][1602074010234][shell][info]["init~setViewAttributes - Initializing view with opts:",{"devtools":false,"id":2,"startTime":1602074009175,"type":"shared","partitionId":"default"}]
[3764][1602074010236][shell][info]["init~setViewAttributes - Success"]
[3764][1602074012685][shell][info]["EventBus~initialize - Success"]
[3764][1602074012692][shell][info]["bootShellCrashReporter~ Success"]
[3764][1602074012695][shell][info]["shellController~init: Success"]
[3764][1602074012695][shell][info]["shellMeta~init: Success"]
[3764][1602074012708][shell][info]["init~setViewAttributes - Initializing view with opts:",{"allIds":[3],"devtools":false,"id":3,"primaryId":3,"startTime":1602074012445,"type":"requester","partitionId":"default"}]
[3764][1602074012709][shell][info]["init~setViewAttributes - Success"]
[44402][1602166102733][shell][info]["EventBus~initialize - Success"]
[44402][1602166102743][shell][info]["bootShellCrashReporter~ Success"]
[44402][1602166102747][shell][info]["shellController~init: Success"]
[44402][1602166102748][shell][info]["shellMeta~init: Success"]
[44402][1602166102769][shell][info]["init~setViewAttributes - Initializing view with opts:",{"devtools":false,"id":2,"startTime":1602166101886,"type":"shared","partitionId":"default"}]
[44402][1602166102770][shell][info]["init~setViewAttributes - Success"]
[44402][1602166104798][shell][info]["EventBus~initialize - Success"]
[44402][1602166104808][shell][info]["bootShellCrashReporter~ Success"]
[44402][1602166104809][shell][info]["shellController~init: Success"]
[44402][1602166104810][shell][info]["shellMeta~init: Success"]
[44402][1602166104823][shell][info]["init~setViewAttributes - Initializing view with opts:",{"allIds":[3],"devtools":false,"id":3,"primaryId":3,"startTime":1602166104557,"type":"requester","partitionId":"default"}]
[44402][1602166104825][shell][info]["init~setViewAttributes - Success"]
[20554][1602265507061][shell][info]["EventBus~initialize - Success"]
[20554][1602265507082][shell][info]["bootShellCrashReporter~ Success"]
[20554][1602265507084][shell][info]["shellController~init: Success"]
[20554][1602265507084][shell][info]["shellMeta~init: Success"]
[20554][1602265507110][shell][info]["init~setViewAttributes - Initializing view with opts:",{"devtools":false,"id":2,"startTime":1602265506002,"type":"shared","partitionId":"default"}]
[20554][1602265507112][shell][info]["init~setViewAttributes - Success"]
[20554][1602265509297][shell][info]["EventBus~initialize - Success"]
[20554][1602265509305][shell][info]["bootShellCrashReporter~ Success"]
[20554][1602265509308][shell][info]["shellController~init: Success"]
[20554][1602265509309][shell][info]["shellMeta~init: Success"]
[20554][1602265509323][shell][info]["init~setViewAttributes - Initializing view with opts:",{"allIds":[3],"devtools":false,"id":3,"primaryId":3,"startTime":1602265509052,"type":"requester","partitionId":"default"}]
[20554][1602265509324][shell][info]["init~setViewAttributes - Success"]
[6476][1602681119129][shell][info]["EventBus~initialize - Success"]
[6476][1602681119140][shell][info]["bootShellCrashReporter~ Success"]
[6476][1602681119142][shell][info]["shellController~init: Success"]
[6476][1602681119143][shell][info]["shellMeta~init: Success"]
[6476][1602681119164][shell][info]["init~setViewAttributes - Initializing view with opts:",{"devtools":false,"id":2,"startTime":1602681118367,"type":"shared","partitionId":"default"}]
[6476][1602681119166][shell][info]["init~setViewAttributes - Success"]
[6476][1602681121075][shell][info]["EventBus~initialize - Success"]
[6476][1602681121086][shell][info]["bootShellCrashReporter~ Success"]
[6476][1602681121088][shell][info]["shellController~init: Success"]
[6476][1602681121088][shell][info]["shellMeta~init: Success"]
[6476][1602681121103][shell][info]["init~setViewAttributes - Initializing view with opts:",{"allIds":[3],"devtools":false,"id":3,"primaryId":3,"startTime":1602681120841,"type":"requester","partitionId":"default"}]
[6476][1602681121104][shell][info]["init~setViewAttributes - Success"]
